[I 2025-09-02 21:09:16.789 ServerApp] jupyter_lsp | extension was successfully linked.
[I 2025-09-02 21:09:16.792 ServerApp] jupyter_server_terminals | extension was successfully linked.
[I 2025-09-02 21:09:16.796 ServerApp] jupyterlab | extension was successfully linked.
[I 2025-09-02 21:09:16.796 ServerApp] jupyterlab_jupytext | extension was successfully linked.
[I 2025-09-02 21:09:16.800 ServerApp] notebook | extension was successfully linked.
[I 2025-09-02 21:09:16.980 ServerApp] notebook_shim | extension was successfully linked.
[I 2025-09-02 21:09:16.993 ServerApp] notebook_shim | extension was successfully loaded.
[I 2025-09-02 21:09:16.995 ServerApp] jupyter_lsp | extension was successfully loaded.
[I 2025-09-02 21:09:16.996 ServerApp] jupyter_server_terminals | extension was successfully loaded.
[I 2025-09-02 21:09:16.997 LabApp] JupyterLab extension loaded from /usr/local/lib/python3.12/site-packages/jupyterlab
[I 2025-09-02 21:09:16.997 LabApp] JupyterLab application directory is /usr/local/share/jupyter/lab
[I 2025-09-02 21:09:16.998 LabApp] Extension Manager is 'pypi'.
[I 2025-09-02 21:09:17.030 ServerApp] jupyterlab | extension was successfully loaded.
[W 2025-09-02 21:09:17.031 ServerApp] [Jupytext Server Extension] Async contents managers like AsyncLargeFileManager are not supported at the moment (https://github.com/mwouts/jupytext/issues/1020). We will derive a contents manager from LargeFileManager instead.
[I 2025-09-02 21:09:17.031 ServerApp] [Jupytext Server Extension] Deriving a JupytextContentsManager from LargeFileManager
[I 2025-09-02 21:09:17.037 ServerApp] jupyterlab_jupytext | extension was successfully loaded.
[I 2025-09-02 21:09:17.062 ServerApp] notebook | extension was successfully loaded.
[I 2025-09-02 21:09:17.066 ServerApp] Serving notebooks from local directory: /workspaces/mark-notebook-bigquery-2
[I 2025-09-02 21:09:17.067 ServerApp] Jupyter Server 2.14.0 is running at:
[I 2025-09-02 21:09:17.067 ServerApp] https://animated-space-garbanzo-6pxvg569v4p25rjv-46003.app.github.dev/?token=s6c5oAbP5jC8I8kR
[I 2025-09-02 21:09:17.068 ServerApp]     http://127.0.0.1:46003/lab?token=...
[I 2025-09-02 21:09:17.068 ServerApp] Use Control-C to stop this server and shut down all kernels (twice to skip confirmation).
[I 2025-09-02 21:09:17.367 ServerApp] Skipped non-installed server(s): bash-language-server, dockerfile-language-server-nodejs, javascript-typescript-langserver, jedi-language-server, julia-language-server, pyright, python-language-server, python-lsp-server, r-languageserver, sql-language-server, texlab, typescript-language-server, unified-language-server, vscode-css-languageserver-bin, vscode-html-languageserver-bin, vscode-json-languageserver-bin, yaml-language-server
[I 2025-09-02 21:12:26.952 ServerApp] interrupted
[I 2025-09-02 21:12:26.953 ServerApp] Serving notebooks from local directory: /workspaces/mark-notebook-bigquery-2
    0 active kernels
    Jupyter Server 2.14.0 is running at:
    https://animated-space-garbanzo-6pxvg569v4p25rjv-46003.app.github.dev/?token=s6c5oAbP5jC8I8kR
        http://127.0.0.1:46003/lab?token=...
Shut down this Jupyter server (y/[n])? Exception in thread Thread-1 (_confirm_exit):
Traceback (most recent call last):
  File "/usr/local/lib/python3.12/threading.py", line 1075, in _bootstrap_inner
    self.run()
  File "/usr/local/lib/python3.12/threading.py", line 1012, in run
    self._target(*self._args, **self._kwargs)
  File "/usr/local/lib/python3.12/site-packages/jupyter_server/serverapp.py", line 2427, in _confirm_exit
    line = sys.stdin.readline()
           ^^^^^^^^^^^^^^^^^^^^
OSError: [Errno 5] Input/output error
